<?xml version="1.0" encoding="UTF-8"?>
<!-- Generated by org.testng.reporters.JUnitReportReporter -->
<testsuite skipped="0" hostname="LAPTOP-MNEM9U6T" name="com.test.Sample" tests="1" failures="0" timestamp="28 Jul 2022 09:40:00 GMT" time="4.467" errors="0">
  <testcase name="getUser" time="4.467" classname="com.test.Sample"/>
</testsuite> <!-- com.test.Sample -->
